<?xml version="1.0" encoding="UTF-8"?>
<testsuite name="tartan.test.java.UT.UT_KeylessEntry" tests="3" skipped="0" failures="0" errors="0" timestamp="2025-02-13T15:56:16" hostname="WTKUAN" time="0.004">
  <properties/>
  <testcase name="testIfHouseLocked()" classname="tartan.test.java.UT.UT_KeylessEntry" time="0.002"/>
  <testcase name="testNotification()" classname="tartan.test.java.UT.UT_KeylessEntry" time="0.001"/>
  <testcase name="testIfHouseUnlocked()" classname="tartan.test.java.UT.UT_KeylessEntry" time="0.001"/>
  <system-out><![CDATA[Evaluating new state statically
Evaluating new state statically
Evaluating new state statically
]]></system-out>
  <system-err><![CDATA[]]></system-err>
</testsuite>
