<?xml version="1.0" encoding="UTF-8"?>
<testsuite name="RulesetFiveTest" tests="1" skipped="0" failures="0" errors="0" timestamp="2025-02-13T14:24:09" hostname="WTKUAN" time="0.059">
  <properties/>
  <testcase name="testRulesetFive()" classname="RulesetFiveTest" time="0.059"/>
  <system-out><![CDATA[Evaluating new state statically
]]></system-out>
  <system-err><![CDATA[]]></system-err>
</testsuite>
